<?xml version="1.0" encoding="UTF-8"?>
<!-- Generated by org.testng.reporters.JUnitXMLReporter -->
<testsuite ignored="0" hostname="DESKTOP-RFNR8J8" failures="0" tests="3" name="Default test" time="3.826" errors="0" timestamp="2023-02-13T16:27:27 IST">
  <testcase classname="extendreport.report" name="openBing" time="1.098"/>
  <testcase classname="extendreport.report" name="openGoogle" time="2.099"/>
  <testcase classname="extendreport.report" name="openYahoo" time="0.591"/>
</testsuite> <!-- Default test -->
