<?xml version="1.0" encoding="UTF-8"?>
<!-- Generated by org.testng.reporters.JUnitXMLReporter -->
<testsuite ignored="0" hostname="DESKTOP-RFNR8J8" failures="0" tests="3" name="Default test" time="3.48" errors="0" timestamp="2023-02-13T16:45:38 IST">
  <testcase classname="extendreport.report" name="openBing" time="0.42"/>
  <testcase classname="extendreport.report" name="openGoogle" time="2.36"/>
  <testcase classname="extendreport.report" name="openYahoo" time="0.676"/>
</testsuite> <!-- Default test -->
