<?xml version="1.0" encoding="UTF-8"?>
<testng-results ignored="0" total="3" passed="3" failed="0" skipped="0">
  <reporter-output>
  </reporter-output>
  <suite started-at="2023-02-13T16:27:23 IST" name="Default suite" finished-at="2023-02-13T16:27:27 IST" duration-ms="3826">
    <groups>
    </groups>
    <test started-at="2023-02-13T16:27:23 IST" name="Default test" finished-at="2023-02-13T16:27:27 IST" duration-ms="3826">
      <class name="extendreport.report">
        <test-method is-config="true" signature="openBrowser()[pri:0, instance:extendreport.report@316bcf94]" started-at="2023-02-13T16:27:22 IST" name="openBrowser" finished-at="2023-02-13T16:27:23 IST" duration-ms="1779" status="PASS">
          <reporter-output>
          </reporter-output>
        </test-method> <!-- openBrowser -->
        <test-method signature="openBing()[pri:0, instance:extendreport.report@316bcf94]" started-at="2023-02-13T16:27:23 IST" name="openBing" finished-at="2023-02-13T16:27:24 IST" duration-ms="1098" status="PASS">
          <reporter-output>
          </reporter-output>
        </test-method> <!-- openBing -->
        <test-method signature="openGoogle()[pri:0, instance:extendreport.report@316bcf94]" started-at="2023-02-13T16:27:24 IST" name="openGoogle" finished-at="2023-02-13T16:27:27 IST" duration-ms="2099" status="PASS">
          <reporter-output>
          </reporter-output>
        </test-method> <!-- openGoogle -->
        <test-method signature="openYahoo()[pri:0, instance:extendreport.report@316bcf94]" started-at="2023-02-13T16:27:27 IST" name="openYahoo" finished-at="2023-02-13T16:27:27 IST" duration-ms="591" status="PASS">
          <reporter-output>
          </reporter-output>
        </test-method> <!-- openYahoo -->
        <test-method is-config="true" signature="closeBrowse()[pri:0, instance:extendreport.report@316bcf94]" started-at="2023-02-13T16:27:27 IST" name="closeBrowse" finished-at="2023-02-13T16:27:28 IST" duration-ms="430" status="PASS">
          <reporter-output>
          </reporter-output>
        </test-method> <!-- closeBrowse -->
      </class> <!-- extendreport.report -->
    </test> <!-- Default test -->
  </suite> <!-- Default suite -->
</testng-results>
