<?xml version="1.0" encoding="UTF-8"?>
<!-- Generated by org.testng.reporters.JUnitXMLReporter -->
<testsuite ignored="0" hostname="DESKTOP-RFNR8J8" failures="0" tests="3" name="Default test" time="2.644" errors="0" timestamp="2023-02-10T16:28:12 IST">
  <testcase classname="testNG.Test_Suite" name="openBing" time="0.443"/>
  <testcase classname="testNG.Test_Suite" name="openGoogle" time="1.261"/>
  <testcase classname="testNG.Test_Suite" name="openYahoo" time="0.897"/>
</testsuite> <!-- Default test -->
