<?xml version="1.0" encoding="UTF-8"?>
<!-- Generated by org.testng.reporters.JUnitXMLReporter -->
<testsuite ignored="0" hostname="DESKTOP-RFNR8J8" failures="0" tests="3" name="Default test" time="2.133" errors="0" timestamp="2023-02-09T15:55:54 IST">
  <testcase classname="testNG.Test_Suite" name="openBing" time="0.354"/>
  <testcase classname="testNG.Test_Suite" name="openGoogle" time="0.995"/>
  <testcase classname="testNG.Test_Suite" name="openYahoo" time="0.754"/>
</testsuite> <!-- Default test -->
